# JRE version: OpenJDK Runtime Environment (8.0_152-b01) (build 1.8.0_152-release-915-b01)
# Java VM: OpenJDK 64-Bit Server VM (25.152-b01 mixed mode windows-amd64 compressed oops)
Heap:
 PSYoungGen      total 189440K, used 35661K [0x00000000e0000000, 0x00000000eef00000, 0x0000000100000000)
  eden space 162304K, 11% used [0x00000000e0000000,0x00000000e11fa620,0x00000000e9e80000)
  from space 27136K, 63% used [0x00000000e9e80000,0x00000000eaf58fe8,0x00000000eb900000)
  to   space 27648K, 0% used [0x00000000ed400000,0x00000000ed400000,0x00000000eef00000)
 ParOldGen       total 108544K, used 46911K [0x00000000a0000000, 0x00000000a6a00000, 0x00000000e0000000)
  object space 108544K, 43% used [0x00000000a0000000,0x00000000a2dcff40,0x00000000a6a00000)
 Metaspace       used 67261K, capacity 70316K, committed 70360K, reserved 1110016K
  class space    used 8964K, capacity 9687K, committed 9728K, reserved 1048576K
GC Heap History (10 events):
Event: 18.012 GC heap before
{Heap before GC invocations=16 (full 2):
 PSYoungGen      total 115200K, used 115198K [0x00000000e0000000, 0x00000000ea700000, 0x0000000100000000)
  eden space 99840K, 100% used [0x00000000e0000000,0x00000000e6180000,0x00000000e6180000)
  from space 15360K, 99% used [0x00000000e6180000,0x00000000e707fbb8,0x00000000e7080000)
  to   space 19456K, 0% used [0x00000000e9400000,0x00000000e9400000,0x00000000ea700000)
 ParOldGen       total 108544K, used 22665K [0x00000000a0000000, 0x00000000a6a00000, 0x00000000e0000000)
  object space 108544K, 20% used [0x00000000a0000000,0x00000000a16224c0,0x00000000a6a00000)
 Metaspace       used 56207K, capacity 58412K, committed 58712K, reserved 1099776K
  class space    used 7645K, capacity 8241K, committed 8320K, reserved 1048576K
Event: 18.075 GC heap after
Heap after GC invocations=16 (full 2):
 PSYoungGen      total 145408K, used 19454K [0x00000000e0000000, 0x00000000ebc00000, 0x0000000100000000)
  eden space 125952K, 0% used [0x00000000e0000000,0x00000000e0000000,0x00000000e7b00000)
  from space 19456K, 99% used [0x00000000e9400000,0x00000000ea6ffba8,0x00000000ea700000)
  to   space 25600K, 0% used [0x00000000e7b00000,0x00000000e7b00000,0x00000000e9400000)
 ParOldGen       total 108544K, used 31621K [0x00000000a0000000, 0x00000000a6a00000, 0x00000000e0000000)
  object space 108544K, 29% used [0x00000000a0000000,0x00000000a1ee14e0,0x00000000a6a00000)
 Metaspace       used 56207K, capacity 58412K, committed 58712K, reserved 1099776K
  class space    used 7645K, capacity 8241K, committed 8320K, reserved 1048576K
}
Event: 18.803 GC heap before
{Heap before GC invocations=17 (full 2):
 PSYoungGen      total 145408K, used 51650K [0x00000000e0000000, 0x00000000ebc00000, 0x0000000100000000)
  eden space 125952K, 25% used [0x00000000e0000000,0x00000000e1f70e48,0x00000000e7b00000)
  from space 19456K, 99% used [0x00000000e9400000,0x00000000ea6ffba8,0x00000000ea700000)
  to   space 25600K, 0% used [0x00000000e7b00000,0x00000000e7b00000,0x00000000e9400000)
 ParOldGen       total 108544K, used 31621K [0x00000000a0000000, 0x00000000a6a00000, 0x00000000e0000000)
  object space 108544K, 29% used [0x00000000a0000000,0x00000000a1ee14e0,0x00000000a6a00000)
 Metaspace       used 56897K, capacity 58908K, committed 58968K, reserved 1099776K
  class space    used 7763K, capacity 8287K, committed 8320K, reserved 1048576K
Event: 18.824 GC heap after
Heap after GC invocations=17 (full 2):
 PSYoungGen      total 151552K, used 23047K [0x00000000e0000000, 0x00000000ee580000, 0x0000000100000000)
  eden space 125952K, 0% used [0x00000000e0000000,0x00000000e0000000,0x00000000e7b00000)
  from space 25600K, 90% used [0x00000000e7b00000,0x00000000e9181ff8,0x00000000e9400000)
  to   space 28160K, 0% used [0x00000000eca00000,0x00000000eca00000,0x00000000ee580000)
 ParOldGen       total 108544K, used 31629K [0x00000000a0000000, 0x00000000a6a00000, 0x00000000e0000000)
  object space 108544K, 29% used [0x00000000a0000000,0x00000000a1ee34e0,0x00000000a6a00000)
 Metaspace       used 56897K, capacity 58908K, committed 58968K, reserved 1099776K
  class space    used 7763K, capacity 8287K, committed 8320K, reserved 1048576K
}
Event: 18.824 GC heap before
{Heap before GC invocations=18 (full 3):
 PSYoungGen      total 151552K, used 23047K [0x00000000e0000000, 0x00000000ee580000, 0x0000000100000000)
  eden space 125952K, 0% used [0x00000000e0000000,0x00000000e0000000,0x00000000e7b00000)
  from space 25600K, 90% used [0x00000000e7b00000,0x00000000e9181ff8,0x00000000e9400000)
  to   space 28160K, 0% used [0x00000000eca00000,0x00000000eca00000,0x00000000ee580000)
 ParOldGen       total 108544K, used 31629K [0x00000000a0000000, 0x00000000a6a00000, 0x00000000e0000000)
  object space 108544K, 29% used [0x00000000a0000000,0x00000000a1ee34e0,0x00000000a6a00000)
 Metaspace       used 56897K, capacity 58908K, committed 58968K, reserved 1099776K
  class space    used 7763K, capacity 8287K, committed 8320K, reserved 1048576K
Event: 19.177 GC heap after
Heap after GC invocations=18 (full 3):
 PSYoungGen      total 151552K, used 0K [0x00000000e0000000, 0x00000000ee580000, 0x0000000100000000)
  eden space 125952K, 0% used [0x00000000e0000000,0x00000000e0000000,0x00000000e7b00000)
  from space 25600K, 0% used [0x00000000e7b00000,0x00000000e7b00000,0x00000000e9400000)
  to   space 28160K, 0% used [0x00000000eca00000,0x00000000eca00000,0x00000000ee580000)
 ParOldGen       total 108544K, used 46895K [0x00000000a0000000, 0x00000000a6a00000, 0x00000000e0000000)
  object space 108544K, 43% used [0x00000000a0000000,0x00000000a2dcbf40,0x00000000a6a00000)
 Metaspace       used 56897K, capacity 58908K, committed 58968K, reserved 1099776K
  class space    used 7763K, capacity 8287K, committed 8320K, reserved 1048576K
}
Event: 20.716 GC heap before
{Heap before GC invocations=19 (full 3):
 PSYoungGen      total 151552K, used 125952K [0x00000000e0000000, 0x00000000ee580000, 0x0000000100000000)
  eden space 125952K, 100% used [0x00000000e0000000,0x00000000e7b00000,0x00000000e7b00000)
  from space 25600K, 0% used [0x00000000e7b00000,0x00000000e7b00000,0x00000000e9400000)
  to   space 28160K, 0% used [0x00000000eca00000,0x00000000eca00000,0x00000000ee580000)
 ParOldGen       total 108544K, used 46895K [0x00000000a0000000, 0x00000000a6a00000, 0x00000000e0000000)
  object space 108544K, 43% used [0x00000000a0000000,0x00000000a2dcbf40,0x00000000a6a00000)
 Metaspace       used 61659K, capacity 64030K, committed 64344K, reserved 1103872K
  class space    used 8396K, capacity 8977K, committed 9088K, reserved 1048576K
Event: 20.726 GC heap after
Heap after GC invocations=19 (full 3):
 PSYoungGen      total 171520K, used 9560K [0x00000000e0000000, 0x00000000ed380000, 0x0000000100000000)
  eden space 161792K, 0% used [0x00000000e0000000,0x00000000e0000000,0x00000000e9e00000)
  from space 9728K, 98% used [0x00000000eca00000,0x00000000ed3561f8,0x00000000ed380000)
  to   space 27136K, 0% used [0x00000000e9e80000,0x00000000e9e80000,0x00000000eb900000)
 ParOldGen       total 108544K, used 46903K [0x00000000a0000000, 0x00000000a6a00000, 0x00000000e0000000)
  object space 108544K, 43% used [0x00000000a0000000,0x00000000a2dcdf40,0x00000000a6a00000)
 Metaspace       used 61659K, capacity 64030K, committed 64344K, reserved 1103872K
  class space    used 8396K, capacity 8977K, committed 9088K, reserved 1048576K
}
Event: 26.922 GC heap before
{Heap before GC invocations=20 (full 3):
 PSYoungGen      total 171520K, used 171352K [0x00000000e0000000, 0x00000000ed380000, 0x0000000100000000)
  eden space 161792K, 100% used [0x00000000e0000000,0x00000000e9e00000,0x00000000e9e00000)
  from space 9728K, 98% used [0x00000000eca00000,0x00000000ed3561f8,0x00000000ed380000)
  to   space 27136K, 0% used [0x00000000e9e80000,0x00000000e9e80000,0x00000000eb900000)
 ParOldGen       total 108544K, used 46903K [0x00000000a0000000, 0x00000000a6a00000, 0x00000000e0000000)
  object space 108544K, 43% used [0x00000000a0000000,0x00000000a2dcdf40,0x00000000a6a00000)
 Metaspace       used 67201K, capacity 70252K, committed 70360K, reserved 1110016K
  class space    used 8959K, capacity 9687K, committed 9728K, reserved 1048576K
Event: 26.959 GC heap after
Heap after GC invocations=20 (full 3):
 PSYoungGen      total 189440K, used 17251K [0x00000000e0000000, 0x00000000eef00000, 0x0000000100000000)
  eden space 162304K, 0% used [0x00000000e0000000,0x00000000e0000000,0x00000000e9e80000)
  from space 27136K, 63% used [0x00000000e9e80000,0x00000000eaf58fe8,0x00000000eb900000)
  to   space 27648K, 0% used [0x00000000ed400000,0x00000000ed400000,0x00000000eef00000)
 ParOldGen       total 108544K, used 46911K [0x00000000a0000000, 0x00000000a6a00000, 0x00000000e0000000)
  object space 108544K, 43% used [0x00000000a0000000,0x00000000a2dcff40,0x00000000a6a00000)
 Metaspace       used 67201K, capacity 70252K, committed 70360K, reserved 1110016K
  class space    used 8959K, capacity 9687K, committed 9728K, reserved 1048576K
}

